<?xml version="1.0" encoding="UTF-8"?>
<!-- Generated by org.testng.reporters.JUnitXMLReporter -->
<testsuite ignored="0" hostname="GUR00184300L" failures="0" tests="1" name="ToolsQA" time="16.673" errors="0" timestamp="2023-02-01T15:17:41 IST">
  <testcase classname="MavenProject.Selenium_Test" name="@AfterTest quit" time="-1.675244861715E9">
    <failure type="org.testng.TestNGException" message="
Unsupported type parameter : interface org.openqa.selenium.WebDriver">
      <![CDATA[org.testng.TestNGException: 
Unsupported type parameter : interface org.openqa.selenium.WebDriver
... Removed 22 stack frames]]>
    </failure>
  </testcase> <!-- @AfterTest quit -->
  <testcase classname="MavenProject.MavenClass" name="MavenClass" time="0.025"/>
</testsuite> <!-- ToolsQA -->
