<?xml version="1.0" encoding="UTF-8"?>
<testng-results ignored="0" total="1" passed="1" failed="0" skipped="0">
  <reporter-output>
  </reporter-output>
  <suite started-at="2023-02-06T13:32:41 IST" name="Test-Suite" finished-at="2023-02-06T13:32:55 IST" duration-ms="14069">
    <groups>
    </groups>
    <test started-at="2023-02-06T13:32:41 IST" name="ToolsQA" finished-at="2023-02-06T13:32:55 IST" duration-ms="14069">
      <class name="MavenProject.MavenClass">
        <test-method signature="MavenClass()[pri:0, instance:MavenProject.MavenClass@79924b]" started-at="2023-02-06T13:32:55 IST" name="MavenClass" finished-at="2023-02-06T13:32:55 IST" duration-ms="2" status="PASS">
          <reporter-output>
          </reporter-output>
        </test-method> <!-- MavenClass -->
      </class> <!-- MavenProject.MavenClass -->
      <class name="MavenProject.Selenium_Test">
        <test-method is-config="true" signature="OpenBrowser()[pri:0, instance:MavenProject.Selenium_Test@32eff876]" started-at="2023-02-06T13:32:41 IST" name="OpenBrowser" finished-at="2023-02-06T13:32:55 IST" duration-ms="14044" status="PASS">
          <reporter-output>
          </reporter-output>
        </test-method> <!-- OpenBrowser -->
        <test-method is-config="true" signature="closeBrowser()[pri:0, instance:MavenProject.Selenium_Test@32eff876]" started-at="2023-02-06T13:32:55 IST" name="closeBrowser" finished-at="2023-02-06T13:32:55 IST" duration-ms="1" status="PASS">
          <reporter-output>
          </reporter-output>
        </test-method> <!-- closeBrowser -->
      </class> <!-- MavenProject.Selenium_Test -->
    </test> <!-- ToolsQA -->
  </suite> <!-- Test-Suite -->
</testng-results>
