<?xml version="1.0" encoding="UTF-8"?>
<testng-results ignored="0" total="1" passed="1" failed="0" skipped="0">
  <reporter-output>
  </reporter-output>
  <suite started-at="2023-02-01T15:17:25 IST" name="Test-Suite" finished-at="2023-02-01T15:17:41 IST" duration-ms="16673">
    <groups>
    </groups>
    <test started-at="2023-02-01T15:17:25 IST" name="ToolsQA" finished-at="2023-02-01T15:17:41 IST" duration-ms="16673">
      <class name="MavenProject.MavenClass">
        <test-method signature="MavenClass()[pri:0, instance:MavenProject.MavenClass@6b2ea799]" started-at="2023-02-01T15:17:41 IST" name="MavenClass" finished-at="2023-02-01T15:17:41 IST" duration-ms="25" status="PASS">
          <reporter-output>
          </reporter-output>
        </test-method> <!-- MavenClass -->
      </class> <!-- MavenProject.MavenClass -->
      <class name="MavenProject.Selenium_Test">
        <test-method is-config="true" signature="OpenBrowser()[pri:0, instance:MavenProject.Selenium_Test@4218d6a3]" started-at="2023-02-01T15:17:25 IST" name="OpenBrowser" finished-at="2023-02-01T15:17:41 IST" duration-ms="16495" status="PASS">
          <reporter-output>
          </reporter-output>
        </test-method> <!-- OpenBrowser -->
        <test-method is-config="true" signature="quit(org.openqa.selenium.WebDriver)[pri:0, instance:MavenProject.Selenium_Test@4218d6a3]" started-at="2023-02-01T15:17:41 IST" name="quit" finished-at="1970-01-01T05:30:00 IST" duration-ms="-1675244861715" status="FAIL">
          <exception class="org.testng.TestNGException">
            <message>
              <![CDATA[
Unsupported type parameter : interface org.openqa.selenium.WebDriver]]>
            </message>
            <full-stacktrace>
              <![CDATA[org.testng.TestNGException: 
Unsupported type parameter : interface org.openqa.selenium.WebDriver
at org.testng.internal.PropertyUtils.convertType(PropertyUtils.java:70)
at org.testng.internal.Parameters.createParams(Parameters.java:270)
at org.testng.internal.Parameters.createParametersForMethod(Parameters.java:355)
at org.testng.internal.Parameters.createParameters(Parameters.java:660)
at org.testng.internal.Parameters.createConfigurationParameters(Parameters.java:166)
at org.testng.internal.invokers.ConfigInvoker.invokeConfigurations(ConfigInvoker.java:300)
at org.testng.TestRunner.invokeTestConfigurations(TestRunner.java:645)
at org.testng.TestRunner.afterRun(TestRunner.java:893)
at org.testng.TestRunner.run(TestRunner.java:606)
at org.testng.SuiteRunner.runTest(SuiteRunner.java:429)
at org.testng.SuiteRunner.runSequentially(SuiteRunner.java:423)
at org.testng.SuiteRunner.privateRun(SuiteRunner.java:383)
at org.testng.SuiteRunner.run(SuiteRunner.java:326)
at org.testng.SuiteRunnerWorker.runSuite(SuiteRunnerWorker.java:52)
at org.testng.SuiteRunnerWorker.run(SuiteRunnerWorker.java:95)
at org.testng.TestNG.runSuitesSequentially(TestNG.java:1249)
at org.testng.TestNG.runSuitesLocally(TestNG.java:1169)
at org.testng.TestNG.runSuites(TestNG.java:1092)
at org.testng.TestNG.run(TestNG.java:1060)
at org.testng.remote.AbstractRemoteTestNG.run(AbstractRemoteTestNG.java:115)
at org.testng.remote.RemoteTestNG.initAndRun(RemoteTestNG.java:251)
at org.testng.remote.RemoteTestNG.main(RemoteTestNG.java:77)
]]>
            </full-stacktrace>
          </exception> <!-- org.testng.TestNGException -->
          <reporter-output>
          </reporter-output>
        </test-method> <!-- quit -->
      </class> <!-- MavenProject.Selenium_Test -->
    </test> <!-- ToolsQA -->
  </suite> <!-- Test-Suite -->
</testng-results>
